[2020-08-20T20:18:02.950] [DEBUG] cheese - login => username:zs,password:123456
[2020-08-20T20:18:02.967] [DEBUG] cheese - zs
[2020-08-20T20:18:03.410] [DEBUG] cheese - null
[2020-08-20T20:18:03.430] [DEBUG] cheese - null
[2020-08-20T20:18:36.116] [DEBUG] cheese - login => username:admin,password:123456
[2020-08-20T20:18:36.117] [DEBUG] cheese - admin
[2020-08-20T20:18:36.135] [DEBUG] cheese - null
[2020-08-20T20:18:36.136] [DEBUG] cheese - null
[2020-08-21T21:29:51.634] [DEBUG] cheese - login => username:张三1,password:123111
[2020-08-21T21:29:51.646] [DEBUG] cheese - 张三1
[2020-08-21T21:29:52.689] [DEBUG] cheese - null
[2020-08-21T21:29:52.706] [DEBUG] cheese - null
[2020-08-21T21:30:53.066] [DEBUG] cheese - login => username:张三1,password:123111
[2020-08-21T21:30:53.066] [DEBUG] cheese - 张三1
[2020-08-21T21:30:53.073] [DEBUG] cheese - null
[2020-08-21T21:30:53.073] [DEBUG] cheese - null
[2020-08-22T22:10:33.023] [DEBUG] cheese - login => username:123,password:123123
[2020-08-22T22:10:33.027] [DEBUG] cheese - 123
[2020-08-22T22:10:34.102] [DEBUG] cheese - null
[2020-08-22T22:10:34.103] [DEBUG] cheese - null
[2020-08-22T22:11:17.701] [DEBUG] cheese - login => username:admin,password:123456
[2020-08-22T22:11:17.702] [DEBUG] cheese - admin
[2020-08-22T22:11:17.719] [DEBUG] cheese - null
[2020-08-22T22:11:17.719] [DEBUG] cheese - null
[2020-08-22T22:19:42.076] [DEBUG] cheese - login => username:张三1,password:123111
[2020-08-22T22:19:42.076] [DEBUG] cheese - 张三1
[2020-08-22T22:19:42.106] [DEBUG] cheese - null
[2020-08-22T22:19:42.106] [DEBUG] cheese - null
[2020-08-22T22:20:01.607] [DEBUG] cheese - login => username:admin,password:123456
[2020-08-22T22:20:01.608] [DEBUG] cheese - admin
[2020-08-22T22:20:01.615] [DEBUG] cheese - null
[2020-08-22T22:20:01.615] [DEBUG] cheese - null
[2020-08-22T22:24:48.318] [DEBUG] cheese - login => username:admin,password:123456
[2020-08-22T22:24:48.319] [DEBUG] cheese - admin
[2020-08-22T22:24:48.370] [DEBUG] cheese - null
[2020-08-22T22:24:48.370] [DEBUG] cheese - null
[2020-08-22T22:29:03.077] [DEBUG] cheese - login => username:admin,password:123456
[2020-08-22T22:29:03.077] [DEBUG] cheese - admin
[2020-08-22T22:29:03.083] [DEBUG] cheese - null
[2020-08-22T22:29:03.083] [DEBUG] cheese - null
[2020-08-22T22:34:09.573] [DEBUG] cheese - login => username:admin,password:123456
[2020-08-22T22:34:09.573] [DEBUG] cheese - admin
[2020-08-22T22:34:09.579] [DEBUG] cheese - null
[2020-08-22T22:34:09.580] [DEBUG] cheese - null
[2020-08-22T22:47:22.273] [DEBUG] cheese - login => username:admin,password:123456
[2020-08-22T22:47:22.273] [DEBUG] cheese - admin
[2020-08-22T22:47:22.301] [DEBUG] cheese - null
[2020-08-22T22:47:22.301] [DEBUG] cheese - null
[2020-08-30T20:25:18.184] [DEBUG] cheese - login => username:admin,password:123456
[2020-08-30T20:25:18.187] [DEBUG] cheese - admin
[2020-08-30T20:25:18.288] [DEBUG] cheese - null
[2020-08-30T20:25:18.290] [DEBUG] cheese - null
[2020-08-30T20:43:18.988] [DEBUG] cheese - login => username:admin,password:123456
[2020-08-30T20:43:18.989] [DEBUG] cheese - admin
[2020-08-30T20:43:19.040] [DEBUG] cheese - null
[2020-08-30T20:43:19.040] [DEBUG] cheese - null
[2020-08-30T20:43:38.218] [DEBUG] cheese - login => username:admin,password:123456
[2020-08-30T20:43:38.218] [DEBUG] cheese - admin
[2020-08-30T20:43:38.224] [DEBUG] cheese - null
[2020-08-30T20:43:38.224] [DEBUG] cheese - null
[2020-09-01T10:20:00.519] [DEBUG] cheese - login => username:admin,password:123456
[2020-09-01T10:20:00.533] [DEBUG] cheese - admin
[2020-09-01T10:20:00.944] [DEBUG] cheese - null
[2020-09-01T10:20:00.945] [DEBUG] cheese - null
[2020-09-01T18:52:00.125] [DEBUG] cheese - login => username:admin,password:123456
[2020-09-01T18:52:00.143] [DEBUG] cheese - admin
[2020-09-01T18:52:00.203] [DEBUG] cheese - null
[2020-09-01T18:52:00.224] [DEBUG] cheese - null
[2020-09-01T19:26:16.123] [DEBUG] cheese - login => username:admin,password:123456
[2020-09-01T19:26:16.124] [DEBUG] cheese - admin
[2020-09-01T19:26:16.198] [DEBUG] cheese - null
[2020-09-01T19:26:16.198] [DEBUG] cheese - null
[2020-09-01T19:28:33.604] [DEBUG] cheese - login => username:admin,password:123456
[2020-09-01T19:28:33.605] [DEBUG] cheese - admin
[2020-09-01T19:28:33.612] [DEBUG] cheese - null
[2020-09-01T19:28:33.613] [DEBUG] cheese - null
[2020-09-01T19:29:37.860] [DEBUG] cheese - login => username:admin,password:123456
[2020-09-01T19:29:37.860] [DEBUG] cheese - admin
[2020-09-01T19:29:37.866] [DEBUG] cheese - null
[2020-09-01T19:29:37.866] [DEBUG] cheese - null
[2020-09-01T19:35:58.478] [DEBUG] cheese - login => username:admin,password:123456
[2020-09-01T19:35:58.479] [DEBUG] cheese - admin
[2020-09-01T19:35:58.483] [DEBUG] cheese - null
[2020-09-01T19:35:58.484] [DEBUG] cheese - null
[2020-09-07T20:31:08.226] [DEBUG] cheese - login => username:admin,password:123456
[2020-09-07T20:31:08.252] [DEBUG] cheese - admin
[2020-09-07T20:31:08.331] [DEBUG] cheese - null
[2020-09-07T20:31:08.332] [DEBUG] cheese - null
[2020-09-07T20:41:23.911] [DEBUG] cheese - login => username:admin,password:123456
[2020-09-07T20:41:23.911] [DEBUG] cheese - admin
[2020-09-07T20:41:23.917] [DEBUG] cheese - null
[2020-09-07T20:41:23.917] [DEBUG] cheese - null
[2020-09-10T21:36:08.005] [DEBUG] cheese - login => username:admin,password:123456
[2020-09-10T21:36:08.019] [DEBUG] cheese - admin
[2020-09-10T21:36:08.322] [DEBUG] cheese - null
[2020-09-10T21:36:08.324] [DEBUG] cheese - null
[2020-09-10T21:44:16.093] [DEBUG] cheese - login => username:admin,password:123456
[2020-09-10T21:44:16.093] [DEBUG] cheese - admin
[2020-09-10T21:44:16.098] [DEBUG] cheese - null
[2020-09-10T21:44:16.098] [DEBUG] cheese - null
[2020-09-10T21:45:57.265] [DEBUG] cheese - login => username:admin,password:123456
[2020-09-10T21:45:57.266] [DEBUG] cheese - admin
[2020-09-10T21:45:57.271] [DEBUG] cheese - null
[2020-09-10T21:45:57.272] [DEBUG] cheese - null
[2020-09-10T21:46:51.490] [DEBUG] cheese - login => username:admin,password:123456
[2020-09-10T21:46:51.495] [DEBUG] cheese - admin
[2020-09-10T21:46:51.525] [DEBUG] cheese - null
[2020-09-10T21:46:51.526] [DEBUG] cheese - null
[2020-09-10T21:48:03.347] [DEBUG] cheese - login => username:admin,password:123456
[2020-09-10T21:48:03.347] [DEBUG] cheese - admin
[2020-09-10T21:48:03.352] [DEBUG] cheese - null
[2020-09-10T21:48:03.353] [DEBUG] cheese - null
[2020-09-10T21:50:00.800] [DEBUG] cheese - login => username:admin,password:123456
[2020-09-10T21:50:00.801] [DEBUG] cheese - admin
[2020-09-10T21:50:00.806] [DEBUG] cheese - null
[2020-09-10T21:50:00.806] [DEBUG] cheese - null
[2020-09-10T21:50:09.811] [DEBUG] cheese - login => username:admin,password:123456
[2020-09-10T21:50:09.811] [DEBUG] cheese - admin
[2020-09-10T21:50:09.819] [DEBUG] cheese - null
[2020-09-10T21:50:09.819] [DEBUG] cheese - null
[2020-09-10T21:58:40.139] [DEBUG] cheese - login => username:admin,password:123456
[2020-09-10T21:58:40.139] [DEBUG] cheese - admin
[2020-09-10T21:58:40.145] [DEBUG] cheese - null
[2020-09-10T21:58:40.145] [DEBUG] cheese - null
[2020-09-10T22:30:49.844] [DEBUG] cheese - login => username:admin,password:123456
[2020-09-10T22:30:49.844] [DEBUG] cheese - admin
[2020-09-10T22:30:49.852] [DEBUG] cheese - null
[2020-09-10T22:30:49.852] [DEBUG] cheese - null
[2020-09-10T22:31:01.061] [DEBUG] cheese - login => username:admin,password:123456
[2020-09-10T22:31:01.061] [DEBUG] cheese - admin
[2020-09-10T22:31:01.066] [DEBUG] cheese - null
[2020-09-10T22:31:01.066] [DEBUG] cheese - null
[2020-09-12T09:26:54.301] [DEBUG] cheese - login => username:admin,password:123456
[2020-09-12T09:26:54.305] [DEBUG] cheese - admin
[2020-09-12T09:26:54.417] [DEBUG] cheese - null
[2020-09-12T09:26:54.418] [DEBUG] cheese - null
[2020-09-12T10:12:53.319] [DEBUG] cheese - login => username:admin,password:123456
[2020-09-12T10:12:53.394] [DEBUG] cheese - admin
[2020-09-12T10:12:54.001] [DEBUG] cheese - null
[2020-09-12T10:12:54.001] [DEBUG] cheese - null
[2020-09-12T10:43:20.814] [DEBUG] cheese - login => username:admin,password:123456
[2020-09-12T10:43:20.828] [DEBUG] cheese - admin
[2020-09-12T10:43:20.919] [DEBUG] cheese - null
[2020-09-12T10:43:20.922] [DEBUG] cheese - null
[2020-09-12T15:26:22.593] [DEBUG] cheese - login => username:admin,password:123456
[2020-09-12T15:26:22.607] [DEBUG] cheese - admin
[2020-09-12T15:26:22.737] [DEBUG] cheese - null
[2020-09-12T15:26:22.738] [DEBUG] cheese - null
[2020-09-15T15:57:31.665] [DEBUG] cheese - login => username:admin,password:123456
[2020-09-15T15:57:31.679] [DEBUG] cheese - admin
[2020-09-15T15:57:31.773] [DEBUG] cheese - null
[2020-09-15T15:57:31.774] [DEBUG] cheese - null
[2020-09-16T16:42:57.382] [DEBUG] cheese - login => username:admin,password:123456
[2020-09-16T16:42:57.386] [DEBUG] cheese - admin
[2020-09-16T16:42:57.458] [DEBUG] cheese - null
[2020-09-16T16:42:57.459] [DEBUG] cheese - null
[2020-09-26T10:27:11.486] [DEBUG] cheese - login => username:admin,password:123456
[2020-09-26T10:27:11.514] [DEBUG] cheese - admin
[2020-09-26T10:27:11.765] [DEBUG] cheese - null
[2020-09-26T10:27:11.766] [DEBUG] cheese - null
